INFO: 2021-12-11 17:37:13,462 open app
INFO: 2021-12-11 17:37:24,360 create a file
INFO: 2021-12-11 17:37:53,940 saved as a file,call:"C:\Users\Public\Documents\unknow.txt"
INFO: 2021-12-11 17:38:04,742 saved as a file,call:"C:\Users\Public\Documents\unknow.txt"
INFO: 2021-12-11 17:38:10,328 create a file
INFO: 2021-12-11 17:38:43,109 close app
INFO: 2021-12-11 17:43:34,510 open app
INFO: 2021-12-11 17:43:59,463 close app
INFO: 2021-12-11 18:53:53,169 open app
INFO: 2021-12-11 18:54:05,067 opened a file,call:"F:/vscodefiles/src/hello/text.txt"
INFO: 2021-12-11 18:56:01,773 close app
INFO: 2021-12-12 14:05:08,825 open app
INFO: 2021-12-12 14:05:10,621 close app
INFO: 2021-12-12 15:05:27,917 open app
INFO: 2021-12-12 15:06:10,030 open app
INFO: 2021-12-12 15:16:35,435 open app
INFO: 2021-12-12 15:16:37,199 close app
INFO: 2021-12-12 15:50:48,709 open app
INFO: 2021-12-12 15:50:50,393 close app
INFO: 2021-12-12 15:51:43,947 open app
INFO: 2021-12-12 15:51:48,305 close app
INFO: 2021-12-12 15:54:19,695 open app
INFO: 2021-12-12 15:54:22,203 close app
INFO: 2021-12-12 17:08:49,027 open app
INFO: 2021-12-12 17:09:03,489 opened a file,call:"F:/vscodefiles/src/hello/1.go"
INFO: 2021-12-12 17:09:10,127 opened a file,call:"F:/vscodefiles/src/hello/a.R"
INFO: 2021-12-12 17:10:42,051 changed a file,call:"F:/vscodefiles/src/hello/text.py"
INFO: 2021-12-12 17:10:47,706 opened a file,call:"F:/vscodefiles/src/hello/t.txt"
INFO: 2021-12-12 17:11:12,097 opened a file,call:"F:/vscodefiles/src/hello/a.R"
INFO: 2021-12-12 17:11:22,362 saved a file,call:"F:/vscodefiles/src/hello/a.R"
INFO: 2021-12-12 17:11:33,846 changed a file,call:"F:/vscodefiles/src/hello/text.py"
INFO: 2021-12-12 17:11:40,191 opened a file,call:"F:/vscodefiles/src/hello/t.txt"
INFO: 2021-12-12 17:11:52,439 opened a file,call:"F:/vscodefiles/src/hello/a.R"
INFO: 2021-12-12 17:14:55,032 saved a file,call:"F:/vscodefiles/src/hello/a.R"
INFO: 2021-12-12 17:14:56,495 saved a file,call:"F:/vscodefiles/src/hello/a.R"
INFO: 2021-12-12 17:15:15,347 changed a file,call:"F:/vscodefiles/src/hello/text.py"
INFO: 2021-12-12 17:16:39,133 open app
INFO: 2021-12-12 17:16:44,660 opened a file,call:"F:/vscodefiles/src/hello/a.R"
INFO: 2021-12-12 17:16:45,997 saved a file,call:"F:/vscodefiles/src/hello/a.R"
INFO: 2021-12-12 17:17:01,753 changed a file,call:"F:/vscodefiles/src/hello/text.py"
INFO: 2021-12-12 17:17:21,564 close app
INFO: 2021-12-12 17:20:09,716 open app
INFO: 2021-12-12 17:20:23,476 opened a file,call:"F:/vscodefiles/src/hello/a.R"
INFO: 2021-12-12 17:20:28,271 saved a file,call:"F:/vscodefiles/src/hello/a.R"
INFO: 2021-12-12 17:20:56,520 changed a file,call:"F:/vscodefiles/src/hello/text.py"
INFO: 2021-12-12 17:21:08,922 close app
INFO: 2021-12-12 17:22:25,153 open app
INFO: 2021-12-12 17:22:36,050 opened a file,call:"F:/vscodefiles/src/hello/a.R"
INFO: 2021-12-12 17:22:39,308 saved a file,call:"F:/vscodefiles/src/hello/a.R"
INFO: 2021-12-12 17:23:41,442 changed a file,call:"F:/vscodefiles/src/hello/text.py"
INFO: 2021-12-12 17:23:53,759 close app
INFO: 2021-12-12 17:35:40,796 open app
INFO: 2021-12-12 17:35:46,709 opened a file,call:"F:/vscodefiles/src/hello/a.R"
INFO: 2021-12-12 17:35:48,821 saved a file,call:"F:/vscodefiles/src/hello/a.R"
INFO: 2021-12-12 17:36:06,631 changed a file,call:"F:/vscodefiles/src/hello/text.py"
INFO: 2021-12-12 17:36:17,816 changed a file,call:"F:/vscodefiles/src/hello/text.py"
INFO: 2021-12-12 17:36:45,721 changed a file,call:"F:/vscodefiles/src/hello/text.py"
INFO: 2021-12-12 17:37:00,970 close app
INFO: 2021-12-12 17:38:46,356 open app
INFO: 2021-12-12 17:39:05,159 opened a file,call:"F:/vscodefiles/src/hello/a.R"
INFO: 2021-12-12 17:39:20,945 changed a file,call:"F:/vscodefiles/src/hello/text.py"
INFO: 2021-12-12 17:39:22,078 close app
INFO: 2021-12-16 21:12:18,669 open app
INFO: 2021-12-16 21:12:28,048 opened a file,call:"F:/vscodefiles/src/hello/t.txt"
INFO: 2021-12-16 21:13:02,486 changed a file,call:"F:/vscodefiles/src/hello/text.py"
INFO: 2021-12-16 21:15:54,051 close app
INFO: 2021-12-16 21:16:53,860 open app
INFO: 2021-12-18 17:52:18,399 open app
INFO: 2021-12-18 17:52:20,055 close app
INFO: 2021-12-18 18:53:42,375 open app
INFO: 2021-12-18 18:53:47,006 close app
INFO: 2021-12-18 18:54:28,526 open app
INFO: 2021-12-18 18:54:44,071 close app
INFO: 2021-12-19 17:45:39,866 open app
INFO: 2021-12-19 17:45:48,693 close app
